[debug] [2023-09-12T10:35:57.274Z] ----------------------------------------------------------------------
[debug] [2023-09-12T10:35:57.277Z] Command:       C:\Program Files\nodejs\node.exe C:\Users\andre\AppData\Roaming\npm\node_modules\firebase-tools\lib\bin\firebase.js init
[debug] [2023-09-12T10:35:57.278Z] CLI Version:   12.5.3
[debug] [2023-09-12T10:35:57.278Z] Platform:      win32
[debug] [2023-09-12T10:35:57.279Z] Node Version:  v19.0.0
[debug] [2023-09-12T10:35:57.279Z] Time:          Tue Sep 12 2023 13:35:57 GMT+0300 (Eastern European Summer Time)
[debug] [2023-09-12T10:35:57.279Z] ----------------------------------------------------------------------
[debug] 
[debug] [2023-09-12T10:35:57.291Z] > command requires scopes: ["email","openid","https://www.googleapis.com/auth/cloudplatformprojects.readonly","https://www.googleapis.com/auth/firebase","https://www.googleapis.com/auth/cloud-platform"]
[debug] [2023-09-12T10:35:57.292Z] > authorizing via signed-in user (paluraandrei1@gmail.com)
[info] 
     ######## #### ########  ######## ########     ###     ######  ########
     ##        ##  ##     ## ##       ##     ##  ##   ##  ##       ##
     ######    ##  ########  ######   ########  #########  ######  ######
     ##        ##  ##    ##  ##       ##     ## ##     ##       ## ##
     ##       #### ##     ## ######## ########  ##     ##  ######  ########

You're about to initialize a Firebase project in this directory:

  C:\Users\andre\OneDrive\Desktop\project (2)\co01e497db4752706416470b7

[info] 
=== Project Setup
[info] 
[info] First, let's associate this project directory with a Firebase project.
[info] You can create multiple project aliases by running firebase use --add, 
[info] but for now we'll just set up a default project.
[info] 
[debug] [2023-09-12T10:36:09.753Z] > refreshing access token with scopes: []
[debug] [2023-09-12T10:36:09.755Z] >>> [apiv2][query] POST https://www.googleapis.com/oauth2/v3/token [none]
[debug] [2023-09-12T10:36:09.755Z] >>> [apiv2][body] POST https://www.googleapis.com/oauth2/v3/token [omitted]
[debug] [2023-09-12T10:36:09.968Z] <<< [apiv2][status] POST https://www.googleapis.com/oauth2/v3/token 200
[debug] [2023-09-12T10:36:09.968Z] <<< [apiv2][body] POST https://www.googleapis.com/oauth2/v3/token [omitted]
[debug] [2023-09-12T10:36:09.988Z] >>> [apiv2][query] GET https://firebase.googleapis.com/v1beta1/projects pageSize=100
[debug] [2023-09-12T10:36:10.489Z] <<< [apiv2][status] GET https://firebase.googleapis.com/v1beta1/projects 200
[debug] [2023-09-12T10:36:10.490Z] <<< [apiv2][body] GET https://firebase.googleapis.com/v1beta1/projects [omitted]
[info] i  Using project vanlife-8aa15 (VanLife) 
[info] 
=== Hosting Setup
[info] 
[info] Your public directory is the folder (relative to your project directory) that
[info] will contain Hosting assets to be uploaded with firebase deploy. If you
[info] have a build process for your assets, use your build's output directory.
[info] 
[debug] [2023-09-12T10:36:33.710Z] >>> [apiv2][query] GET https://www.gstatic.com/firebasejs/releases.json [none]
[debug] [2023-09-12T10:36:33.854Z] <<< [apiv2][status] GET https://www.gstatic.com/firebasejs/releases.json 200
[debug] [2023-09-12T10:36:33.855Z] <<< [apiv2][body] GET https://www.gstatic.com/firebasejs/releases.json {"current":{"version":"10.3.1","browserURL":"https://www.gstatic.com/firebasejs/10.3.1/firebase.js","packageURL":"https://www.gstatic.com/firebasejs/10.3.1/firebase.tgz"},"live":{"version":"10.3","browserURL":"https://www.gstatic.com/firebasejs/live/10.3/firebase.js","packageURL":"https://www.gstatic.com/firebasejs/live/10.3/firebase.tgz"},"components":{"analytics":"https://www.gstatic.com/firebasejs/10.3.1/firebase-analytics.js","app":"https://www.gstatic.com/firebasejs/10.3.1/firebase-app.js","app-check":"https://www.gstatic.com/firebasejs/10.3.1/firebase-app-check.js","auth":"https://www.gstatic.com/firebasejs/10.3.1/firebase-auth.js","auth/cordova":"https://www.gstatic.com/firebasejs/10.3.1/firebase-auth/cordova.js","functions":"https://www.gstatic.com/firebasejs/10.3.1/firebase-functions.js","firestore":"https://www.gstatic.com/firebasejs/10.3.1/firebase-firestore.js","firestore/lite":"https://www.gstatic.com/firebasejs/10.3.1/firebase-firestore/lite.js","installations":"https://www.gstatic.com/firebasejs/10.3.1/firebase-installations.js","storage":"https://www.gstatic.com/firebasejs/10.3.1/firebase-storage.js","performance":"https://www.gstatic.com/firebasejs/10.3.1/firebase-performance.js","remote-config":"https://www.gstatic.com/firebasejs/10.3.1/firebase-remote-config.js","messaging":"https://www.gstatic.com/firebasejs/10.3.1/firebase-messaging.js","messaging/sw":"https://www.gstatic.com/firebasejs/10.3.1/firebase-messaging/sw.js","database":"https://www.gstatic.com/firebasejs/10.3.1/firebase-database.js","firestore.memory":"https://www.gstatic.com/firebasejs/10.3.1/firebase-firestore.memory.js"}}
[info] +  Wrote public/index.html 
[info] 
[info] i  Didn't detect a .git folder. Assuming C:\Users\andre\OneDrive\Desktop\project (2)\co01e497db4752706416470b7 is the project root. 
[info] i  Authorizing with GitHub to upload your service account to a GitHub repository's secrets store. 
[info] 
[info] Visit this URL on this device to log in:
[info] https://github.com/login/oauth/authorize?client_id=89cf50f02ac6aaed3484&state=163102507&redirect_uri=http%3A%2F%2Flocalhost%3A9005&scope=read%3Auser%20repo%20public_repo
[info] 
[info] Waiting for authentication...
[debug] [2023-09-12T10:36:34.563Z] >>> [apiv2][query] POST https://github.com/login/oauth/access_token [none]
[debug] [2023-09-12T10:36:34.563Z] >>> [apiv2][body] POST https://github.com/login/oauth/access_token [stream]
[debug] [2023-09-12T10:36:34.865Z] <<< [apiv2][status] POST https://github.com/login/oauth/access_token 200
[debug] [2023-09-12T10:36:34.865Z] <<< [apiv2][body] POST https://github.com/login/oauth/access_token {"access_token":"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","token_type":"bearer","scope":"read:user,repo"}
[debug] [2023-09-12T10:36:34.873Z] >>> [apiv2][query] GET https://api.github.com/user [none]
[debug] [2023-09-12T10:36:35.196Z] <<< [apiv2][status] GET https://api.github.com/user 200
[debug] [2023-09-12T10:36:35.196Z] <<< [apiv2][body] GET https://api.github.com/user {"login":"paluras","id":98059798,"node_id":"U_kgDOBdhGFg","avatar_url":"https://avatars.githubusercontent.com/u/98059798?v=4","gravatar_id":"","url":"https://api.github.com/users/paluras","html_url":"https://github.com/paluras","followers_url":"https://api.github.com/users/paluras/followers","following_url":"https://api.github.com/users/paluras/following{/other_user}","gists_url":"https://api.github.com/users/paluras/gists{/gist_id}","starred_url":"https://api.github.com/users/paluras/starred{/owner}{/repo}","subscriptions_url":"https://api.github.com/users/paluras/subscriptions","organizations_url":"https://api.github.com/users/paluras/orgs","repos_url":"https://api.github.com/users/paluras/repos","events_url":"https://api.github.com/users/paluras/events{/privacy}","received_events_url":"https://api.github.com/users/paluras/received_events","type":"User","site_admin":false,"name":"Palura Andrei","company":null,"blog":"","location":null,"email":null,"hireable":null,"bio":null,"twitter_username":"andrei_palura","public_repos":31,"public_gists":0,"followers":5,"following":4,"created_at":"2022-01-19T21:40:58Z","updated_at":"2023-09-01T20:21:11Z","private_gists":0,"total_private_repos":6,"owned_private_repos":6,"disk_usage":422542,"collaborators":0,"two_factor_authentication":false,"plan":{"name":"free","space":976562499,"collaborators":0,"private_repos":10000}}
[info] 
[info] +  Success! Logged into GitHub as paluras 
[info] 
